# JRE version: Java(TM) SE Runtime Environment (20.0.1+9) (build 20.0.1+9-29)
# Java VM: Java HotSpot(TM) 64-Bit Server VM (20.0.1+9-29, mixed mode, sharing, tiered, compressed oops, compressed class ptrs, g1 gc, windows-amd64)
GC Precious Log:
 CardTable entry size: 512
 Card Set container configuration: InlinePtr #cards 5 size 8 Array Of Cards #cards 12 size 40 Howl #buckets 4 coarsen threshold 1843 Howl Bitmap #cards 512 size 80 coarsen threshold 460 Card regions per heap region 1 cards per card region 2048
 CPUs: 4 total, 4 available
 Memory: 8067M
 Large Page Support: Disabled
 NUMA Support: Disabled
 Compressed Oops: Enabled (32-bit)
 Heap Region Size: 1M
 Heap Min Capacity: 8M
 Heap Initial Capacity: 128M
 Heap Max Capacity: 2018M
 Pre-touch: Disabled
 Parallel Workers: 4
 Concurrent Workers: 1
 Concurrent Refinement Workers: 4
 Periodic GC: Disabled
Heap:
 garbage-first heap   total 79872K, used 41865K [0x0000000081e00000, 0x0000000100000000)
  region size 1024K, 3 young (3072K), 2 survivors (2048K)
 Metaspace       used 76924K, committed 77696K, reserved 1179648K
  class space    used 10367K, committed 10688K, reserved 1048576K
GC Heap History (20 events):
Event: 11.637 GC heap before
{Heap before GC invocations=7 (full 0):
 garbage-first heap   total 61440K, used 54706K [0x0000000081e00000, 0x0000000100000000)
  region size 1024K, 31 young (31744K), 4 survivors (4096K)
 Metaspace       used 33695K, committed 34176K, reserved 1114112K
  class space    used 4330K, committed 4544K, reserved 1048576K
}
Event: 11.647 GC heap after
{Heap after GC invocations=8 (full 0):
 garbage-first heap   total 63488K, used 26055K [0x0000000081e00000, 0x0000000100000000)
  region size 1024K, 4 young (4096K), 4 survivors (4096K)
 Metaspace       used 33695K, committed 34176K, reserved 1114112K
  class space    used 4330K, committed 4544K, reserved 1048576K
}
Event: 12.268 GC heap before
{Heap before GC invocations=8 (full 0):
 garbage-first heap   total 63488K, used 40391K [0x0000000081e00000, 0x0000000100000000)
  region size 1024K, 18 young (18432K), 4 survivors (4096K)
 Metaspace       used 35463K, committed 35968K, reserved 1114112K
  class space    used 4556K, committed 4800K, reserved 1048576K
}
Event: 12.275 GC heap after
{Heap after GC invocations=9 (full 0):
 garbage-first heap   total 63488K, used 27227K [0x0000000081e00000, 0x0000000100000000)
  region size 1024K, 1 young (1024K), 1 survivors (1024K)
 Metaspace       used 35463K, committed 35968K, reserved 1114112K
  class space    used 4556K, committed 4800K, reserved 1048576K
}
Event: 13.740 GC heap before
{Heap before GC invocations=10 (full 0):
 garbage-first heap   total 63488K, used 51803K [0x0000000081e00000, 0x0000000100000000)
  region size 1024K, 26 young (26624K), 1 survivors (1024K)
 Metaspace       used 44406K, committed 44928K, reserved 1114112K
  class space    used 5757K, committed 5952K, reserved 1048576K
}
Event: 13.746 GC heap after
{Heap after GC invocations=11 (full 0):
 garbage-first heap   total 63488K, used 29580K [0x0000000081e00000, 0x0000000100000000)
  region size 1024K, 4 young (4096K), 4 survivors (4096K)
 Metaspace       used 44406K, committed 44928K, reserved 1114112K
  class space    used 5757K, committed 5952K, reserved 1048576K
}
Event: 15.183 GC heap before
{Heap before GC invocations=11 (full 0):
 garbage-first heap   total 63488K, used 52108K [0x0000000081e00000, 0x0000000100000000)
  region size 1024K, 27 young (27648K), 4 survivors (4096K)
 Metaspace       used 51747K, committed 52352K, reserved 1114112K
  class space    used 6699K, committed 6976K, reserved 1048576K
}
Event: 15.191 GC heap after
{Heap after GC invocations=12 (full 0):
 garbage-first heap   total 63488K, used 31211K [0x0000000081e00000, 0x0000000100000000)
  region size 1024K, 2 young (2048K), 2 survivors (2048K)
 Metaspace       used 51747K, committed 52352K, reserved 1114112K
  class space    used 6699K, committed 6976K, reserved 1048576K
}
Event: 16.307 GC heap before
{Heap before GC invocations=12 (full 0):
 garbage-first heap   total 63488K, used 53739K [0x0000000081e00000, 0x0000000100000000)
  region size 1024K, 25 young (25600K), 2 survivors (2048K)
 Metaspace       used 59502K, committed 60096K, reserved 1114112K
  class space    used 7972K, committed 8256K, reserved 1048576K
}
Event: 16.313 GC heap after
{Heap after GC invocations=13 (full 0):
 garbage-first heap   total 63488K, used 32211K [0x0000000081e00000, 0x0000000100000000)
  region size 1024K, 3 young (3072K), 3 survivors (3072K)
 Metaspace       used 59502K, committed 60096K, reserved 1114112K
  class space    used 7972K, committed 8256K, reserved 1048576K
}
Event: 17.196 GC heap before
{Heap before GC invocations=14 (full 0):
 garbage-first heap   total 63488K, used 55763K [0x0000000081e00000, 0x0000000100000000)
  region size 1024K, 26 young (26624K), 3 survivors (3072K)
 Metaspace       used 63098K, committed 63744K, reserved 1114112K
  class space    used 8495K, committed 8768K, reserved 1048576K
}
Event: 17.207 GC heap after
{Heap after GC invocations=15 (full 0):
 garbage-first heap   total 63488K, used 33952K [0x0000000081e00000, 0x0000000100000000)
  region size 1024K, 3 young (3072K), 3 survivors (3072K)
 Metaspace       used 63098K, committed 63744K, reserved 1114112K
  class space    used 8495K, committed 8768K, reserved 1048576K
}
Event: 18.187 GC heap before
{Heap before GC invocations=15 (full 0):
 garbage-first heap   total 63488K, used 55456K [0x0000000081e00000, 0x0000000100000000)
  region size 1024K, 24 young (24576K), 3 survivors (3072K)
 Metaspace       used 66566K, committed 67264K, reserved 1114112K
  class space    used 8969K, committed 9280K, reserved 1048576K
}
Event: 18.198 GC heap after
{Heap after GC invocations=16 (full 0):
 garbage-first heap   total 63488K, used 35721K [0x0000000081e00000, 0x0000000100000000)
  region size 1024K, 3 young (3072K), 3 survivors (3072K)
 Metaspace       used 66566K, committed 67264K, reserved 1114112K
  class space    used 8969K, committed 9280K, reserved 1048576K
}
Event: 19.311 GC heap before
{Heap before GC invocations=16 (full 0):
 garbage-first heap   total 63488K, used 55177K [0x0000000081e00000, 0x0000000100000000)
  region size 1024K, 22 young (22528K), 3 survivors (3072K)
 Metaspace       used 68434K, committed 69120K, reserved 1114112K
  class space    used 9226K, committed 9536K, reserved 1048576K
}
Event: 19.318 GC heap after
{Heap after GC invocations=17 (full 0):
 garbage-first heap   total 63488K, used 37631K [0x0000000081e00000, 0x0000000100000000)
  region size 1024K, 2 young (2048K), 2 survivors (2048K)
 Metaspace       used 68434K, committed 69120K, reserved 1114112K
  class space    used 9226K, committed 9536K, reserved 1048576K
}
Event: 20.249 GC heap before
{Heap before GC invocations=18 (full 0):
 garbage-first heap   total 66560K, used 56063K [0x0000000081e00000, 0x0000000100000000)
  region size 1024K, 21 young (21504K), 2 survivors (2048K)
 Metaspace       used 72369K, committed 73088K, reserved 1114112K
  class space    used 9774K, committed 10048K, reserved 1048576K
}
Event: 20.258 GC heap after
{Heap after GC invocations=19 (full 0):
 garbage-first heap   total 66560K, used 40482K [0x0000000081e00000, 0x0000000100000000)
  region size 1024K, 3 young (3072K), 3 survivors (3072K)
 Metaspace       used 72369K, committed 73088K, reserved 1114112K
  class space    used 9774K, committed 10048K, reserved 1048576K
}
Event: 33.836 GC heap before
{Heap before GC invocations=19 (full 0):
 garbage-first heap   total 66560K, used 57890K [0x0000000081e00000, 0x0000000100000000)
  region size 1024K, 21 young (21504K), 3 survivors (3072K)
 Metaspace       used 76916K, committed 77696K, reserved 1179648K
  class space    used 10366K, committed 10688K, reserved 1048576K
}
Event: 33.846 GC heap after
{Heap after GC invocations=20 (full 0):
 garbage-first heap   total 79872K, used 41865K [0x0000000081e00000, 0x0000000100000000)
  region size 1024K, 2 young (2048K), 2 survivors (2048K)
 Metaspace       used 76916K, committed 77696K, reserved 1179648K
  class space    used 10366K, committed 10688K, reserved 1048576K
}

